# JRE version: OpenJDK Runtime Environment Temurin-21.0.10+7 (21.0.10+7) (build 21.0.10+7-LTS)
# Java VM: OpenJDK 64-Bit Server VM Temurin-21.0.10+7 (21.0.10+7-LTS, mixed mode, sharing, tiered, compressed oops, compressed class ptrs, parallel gc, windows-amd64)
GC Precious Log:
 CardTable entry size: 512
 CPUs: 16 total, 16 available
 Memory: 7579M
 Large Page Support: Disabled
 NUMA Support: Disabled
 Compressed Oops: Enabled (32-bit)
 Alignments: Space 512K, Generation 512K, Heap 2M
 Heap Min Capacity: 100M
 Heap Initial Capacity: 100M
 Heap Max Capacity: 2G
 Pre-touch: Disabled
 Parallel Workers: 13
Heap:
 PSYoungGen      total 21504K, used 12648K [0x00000000d5580000, 0x00000000d6e00000, 0x0000000100000000)
  eden space 18432K, 54% used [0x00000000d5580000,0x00000000d5f40e98,0x00000000d6780000)
  from space 3072K, 86% used [0x00000000d6900000,0x00000000d6b99538,0x00000000d6c00000)
  to   space 2048K, 0% used [0x00000000d6c00000,0x00000000d6c00000,0x00000000d6e00000)
 ParOldGen       total 103936K, used 103627K [0x0000000080000000, 0x0000000086580000, 0x00000000d5580000)
  object space 103936K, 99% used [0x0000000080000000,0x0000000086532d48,0x0000000086580000)
 Metaspace       used 71955K, committed 73408K, reserved 1179648K
  class space    used 7361K, committed 8000K, reserved 1048576K
GC Heap History (20 events):
Event: 12.489 GC heap before
{Heap before GC invocations=63 (full 3):
 PSYoungGen      total 20992K, used 20971K [0x00000000d5580000, 0x00000000d7280000, 0x0000000100000000)
  eden space 18432K, 100% used [0x00000000d5580000,0x00000000d6780000,0x00000000d6780000)
  from space 2560K, 99% used [0x00000000d6980000,0x00000000d6bfae90,0x00000000d6c00000)
  to   space 5632K, 0% used [0x00000000d6d00000,0x00000000d6d00000,0x00000000d7280000)
 ParOldGen       total 89088K, used 88823K [0x0000000080000000, 0x0000000085700000, 0x00000000d5580000)
  object space 89088K, 99% used [0x0000000080000000,0x00000000856bdc58,0x0000000085700000)
 Metaspace       used 67896K, committed 69376K, reserved 1114112K
  class space    used 7033K, committed 7680K, reserved 1048576K
}
Event: 12.493 GC heap after
{Heap after GC invocations=63 (full 3):
 PSYoungGen      total 21504K, used 2660K [0x00000000d5580000, 0x00000000d7000000, 0x0000000100000000)
  eden space 18432K, 0% used [0x00000000d5580000,0x00000000d5580000,0x00000000d6780000)
  from space 3072K, 86% used [0x00000000d6d00000,0x00000000d6f99210,0x00000000d7000000)
  to   space 3584K, 0% used [0x00000000d6900000,0x00000000d6900000,0x00000000d6c80000)
 ParOldGen       total 91136K, used 90868K [0x0000000080000000, 0x0000000085900000, 0x00000000d5580000)
  object space 91136K, 99% used [0x0000000080000000,0x00000000858bd120,0x0000000085900000)
 Metaspace       used 67896K, committed 69376K, reserved 1114112K
  class space    used 7033K, committed 7680K, reserved 1048576K
}
Event: 12.598 GC heap before
{Heap before GC invocations=64 (full 3):
 PSYoungGen      total 21504K, used 21092K [0x00000000d5580000, 0x00000000d7000000, 0x0000000100000000)
  eden space 18432K, 100% used [0x00000000d5580000,0x00000000d6780000,0x00000000d6780000)
  from space 3072K, 86% used [0x00000000d6d00000,0x00000000d6f99210,0x00000000d7000000)
  to   space 3584K, 0% used [0x00000000d6900000,0x00000000d6900000,0x00000000d6c80000)
 ParOldGen       total 91136K, used 90868K [0x0000000080000000, 0x0000000085900000, 0x00000000d5580000)
  object space 91136K, 99% used [0x0000000080000000,0x00000000858bd120,0x0000000085900000)
 Metaspace       used 68428K, committed 69952K, reserved 1114112K
  class space    used 7111K, committed 7808K, reserved 1048576K
}
Event: 12.601 GC heap after
{Heap after GC invocations=64 (full 3):
 PSYoungGen      total 19968K, used 1408K [0x00000000d5580000, 0x00000000d6d80000, 0x0000000100000000)
  eden space 18432K, 0% used [0x00000000d5580000,0x00000000d5580000,0x00000000d6780000)
  from space 1536K, 91% used [0x00000000d6900000,0x00000000d6a60000,0x00000000d6a80000)
  to   space 2048K, 0% used [0x00000000d6b80000,0x00000000d6b80000,0x00000000d6d80000)
 ParOldGen       total 92672K, used 92619K [0x0000000080000000, 0x0000000085a80000, 0x00000000d5580000)
  object space 92672K, 99% used [0x0000000080000000,0x0000000085a72fa0,0x0000000085a80000)
 Metaspace       used 68428K, committed 69952K, reserved 1114112K
  class space    used 7111K, committed 7808K, reserved 1048576K
}
Event: 12.716 GC heap before
{Heap before GC invocations=65 (full 3):
 PSYoungGen      total 19968K, used 19840K [0x00000000d5580000, 0x00000000d6d80000, 0x0000000100000000)
  eden space 18432K, 100% used [0x00000000d5580000,0x00000000d6780000,0x00000000d6780000)
  from space 1536K, 91% used [0x00000000d6900000,0x00000000d6a60000,0x00000000d6a80000)
  to   space 2048K, 0% used [0x00000000d6b80000,0x00000000d6b80000,0x00000000d6d80000)
 ParOldGen       total 92672K, used 92619K [0x0000000080000000, 0x0000000085a80000, 0x00000000d5580000)
  object space 92672K, 99% used [0x0000000080000000,0x0000000085a72fa0,0x0000000085a80000)
 Metaspace       used 68583K, committed 70080K, reserved 1114112K
  class space    used 7112K, committed 7808K, reserved 1048576K
}
Event: 12.720 GC heap after
{Heap after GC invocations=65 (full 3):
 PSYoungGen      total 19968K, used 1344K [0x00000000d5580000, 0x00000000d6d00000, 0x0000000100000000)
  eden space 18432K, 0% used [0x00000000d5580000,0x00000000d5580000,0x00000000d6780000)
  from space 1536K, 87% used [0x00000000d6b80000,0x00000000d6cd0000,0x00000000d6d00000)
  to   space 1536K, 0% used [0x00000000d6900000,0x00000000d6900000,0x00000000d6a80000)
 ParOldGen       total 94208K, used 93753K [0x0000000080000000, 0x0000000085c00000, 0x00000000d5580000)
  object space 94208K, 99% used [0x0000000080000000,0x0000000085b8e430,0x0000000085c00000)
 Metaspace       used 68583K, committed 70080K, reserved 1114112K
  class space    used 7112K, committed 7808K, reserved 1048576K
}
Event: 12.799 GC heap before
{Heap before GC invocations=66 (full 3):
 PSYoungGen      total 19968K, used 19776K [0x00000000d5580000, 0x00000000d6d00000, 0x0000000100000000)
  eden space 18432K, 100% used [0x00000000d5580000,0x00000000d6780000,0x00000000d6780000)
  from space 1536K, 87% used [0x00000000d6b80000,0x00000000d6cd0000,0x00000000d6d00000)
  to   space 1536K, 0% used [0x00000000d6900000,0x00000000d6900000,0x00000000d6a80000)
 ParOldGen       total 94208K, used 93753K [0x0000000080000000, 0x0000000085c00000, 0x00000000d5580000)
  object space 94208K, 99% used [0x0000000080000000,0x0000000085b8e430,0x0000000085c00000)
 Metaspace       used 68746K, committed 70208K, reserved 1114112K
  class space    used 7118K, committed 7808K, reserved 1048576K
}
Event: 12.802 GC heap after
{Heap after GC invocations=66 (full 3):
 PSYoungGen      total 19968K, used 1520K [0x00000000d5580000, 0x00000000d6c80000, 0x0000000100000000)
  eden space 18432K, 0% used [0x00000000d5580000,0x00000000d5580000,0x00000000d6780000)
  from space 1536K, 98% used [0x00000000d6900000,0x00000000d6a7c010,0x00000000d6a80000)
  to   space 2048K, 0% used [0x00000000d6a80000,0x00000000d6a80000,0x00000000d6c80000)
 ParOldGen       total 94720K, used 94593K [0x0000000080000000, 0x0000000085c80000, 0x00000000d5580000)
  object space 94720K, 99% used [0x0000000080000000,0x0000000085c60430,0x0000000085c80000)
 Metaspace       used 68746K, committed 70208K, reserved 1114112K
  class space    used 7118K, committed 7808K, reserved 1048576K
}
Event: 13.024 GC heap before
{Heap before GC invocations=67 (full 3):
 PSYoungGen      total 19968K, used 19945K [0x00000000d5580000, 0x00000000d6c80000, 0x0000000100000000)
  eden space 18432K, 99% used [0x00000000d5580000,0x00000000d677e7a0,0x00000000d6780000)
  from space 1536K, 98% used [0x00000000d6900000,0x00000000d6a7c010,0x00000000d6a80000)
  to   space 2048K, 0% used [0x00000000d6a80000,0x00000000d6a80000,0x00000000d6c80000)
 ParOldGen       total 94720K, used 94593K [0x0000000080000000, 0x0000000085c80000, 0x00000000d5580000)
  object space 94720K, 99% used [0x0000000080000000,0x0000000085c60430,0x0000000085c80000)
 Metaspace       used 69320K, committed 70848K, reserved 1114112K
  class space    used 7156K, committed 7872K, reserved 1048576K
}
Event: 13.027 GC heap after
{Heap after GC invocations=67 (full 3):
 PSYoungGen      total 19968K, used 1048K [0x00000000d5580000, 0x00000000d6c00000, 0x0000000100000000)
  eden space 18432K, 0% used [0x00000000d5580000,0x00000000d5580000,0x00000000d6780000)
  from space 1536K, 68% used [0x00000000d6a80000,0x00000000d6b86260,0x00000000d6c00000)
  to   space 1536K, 0% used [0x00000000d6900000,0x00000000d6900000,0x00000000d6a80000)
 ParOldGen       total 95744K, used 95641K [0x0000000080000000, 0x0000000085d80000, 0x00000000d5580000)
  object space 95744K, 99% used [0x0000000080000000,0x0000000085d66430,0x0000000085d80000)
 Metaspace       used 69320K, committed 70848K, reserved 1114112K
  class space    used 7156K, committed 7872K, reserved 1048576K
}
Event: 13.406 GC heap before
{Heap before GC invocations=68 (full 3):
 PSYoungGen      total 19968K, used 19480K [0x00000000d5580000, 0x00000000d6c00000, 0x0000000100000000)
  eden space 18432K, 100% used [0x00000000d5580000,0x00000000d6780000,0x00000000d6780000)
  from space 1536K, 68% used [0x00000000d6a80000,0x00000000d6b86260,0x00000000d6c00000)
  to   space 1536K, 0% used [0x00000000d6900000,0x00000000d6900000,0x00000000d6a80000)
 ParOldGen       total 95744K, used 95641K [0x0000000080000000, 0x0000000085d80000, 0x00000000d5580000)
  object space 95744K, 99% used [0x0000000080000000,0x0000000085d66430,0x0000000085d80000)
 Metaspace       used 69710K, committed 71168K, reserved 1114112K
  class space    used 7181K, committed 7872K, reserved 1048576K
}
Event: 13.408 GC heap after
{Heap after GC invocations=68 (full 3):
 PSYoungGen      total 18944K, used 442K [0x00000000d5580000, 0x00000000d6b00000, 0x0000000100000000)
  eden space 18432K, 0% used [0x00000000d5580000,0x00000000d5580000,0x00000000d6780000)
  from space 512K, 86% used [0x00000000d6900000,0x00000000d696e900,0x00000000d6980000)
  to   space 1024K, 0% used [0x00000000d6a00000,0x00000000d6a00000,0x00000000d6b00000)
 ParOldGen       total 96768K, used 96393K [0x0000000080000000, 0x0000000085e80000, 0x00000000d5580000)
  object space 96768K, 99% used [0x0000000080000000,0x0000000085e22450,0x0000000085e80000)
 Metaspace       used 69710K, committed 71168K, reserved 1114112K
  class space    used 7181K, committed 7872K, reserved 1048576K
}
Event: 13.774 GC heap before
{Heap before GC invocations=69 (full 3):
 PSYoungGen      total 18944K, used 18874K [0x00000000d5580000, 0x00000000d6b00000, 0x0000000100000000)
  eden space 18432K, 99% used [0x00000000d5580000,0x00000000d677fff0,0x00000000d6780000)
  from space 512K, 86% used [0x00000000d6900000,0x00000000d696e900,0x00000000d6980000)
  to   space 1024K, 0% used [0x00000000d6a00000,0x00000000d6a00000,0x00000000d6b00000)
 ParOldGen       total 96768K, used 96393K [0x0000000080000000, 0x0000000085e80000, 0x00000000d5580000)
  object space 96768K, 99% used [0x0000000080000000,0x0000000085e22450,0x0000000085e80000)
 Metaspace       used 69973K, committed 71424K, reserved 1114112K
  class space    used 7205K, committed 7872K, reserved 1048576K
}
Event: 13.777 GC heap after
{Heap after GC invocations=69 (full 3):
 PSYoungGen      total 19456K, used 796K [0x00000000d5580000, 0x00000000d6b00000, 0x0000000100000000)
  eden space 18432K, 0% used [0x00000000d5580000,0x00000000d5580000,0x00000000d6780000)
  from space 1024K, 77% used [0x00000000d6a00000,0x00000000d6ac7278,0x00000000d6b00000)
  to   space 1024K, 0% used [0x00000000d6900000,0x00000000d6900000,0x00000000d6a00000)
 ParOldGen       total 96768K, used 96513K [0x0000000080000000, 0x0000000085e80000, 0x00000000d5580000)
  object space 96768K, 99% used [0x0000000080000000,0x0000000085e40450,0x0000000085e80000)
 Metaspace       used 69973K, committed 71424K, reserved 1114112K
  class space    used 7205K, committed 7872K, reserved 1048576K
}
Event: 14.052 GC heap before
{Heap before GC invocations=70 (full 3):
 PSYoungGen      total 19456K, used 19228K [0x00000000d5580000, 0x00000000d6b00000, 0x0000000100000000)
  eden space 18432K, 100% used [0x00000000d5580000,0x00000000d6780000,0x00000000d6780000)
  from space 1024K, 77% used [0x00000000d6a00000,0x00000000d6ac7278,0x00000000d6b00000)
  to   space 1024K, 0% used [0x00000000d6900000,0x00000000d6900000,0x00000000d6a00000)
 ParOldGen       total 96768K, used 96513K [0x0000000080000000, 0x0000000085e80000, 0x00000000d5580000)
  object space 96768K, 99% used [0x0000000080000000,0x0000000085e40450,0x0000000085e80000)
 Metaspace       used 70607K, committed 72128K, reserved 1114112K
  class space    used 7268K, committed 7936K, reserved 1048576K
}
Event: 14.055 GC heap after
{Heap after GC invocations=70 (full 3):
 PSYoungGen      total 19456K, used 1016K [0x00000000d5580000, 0x00000000d7380000, 0x0000000100000000)
  eden space 18432K, 0% used [0x00000000d5580000,0x00000000d5580000,0x00000000d6780000)
  from space 1024K, 99% used [0x00000000d6900000,0x00000000d69fe3e0,0x00000000d6a00000)
  to   space 6144K, 0% used [0x00000000d6d80000,0x00000000d6d80000,0x00000000d7380000)
 ParOldGen       total 100864K, used 100845K [0x0000000080000000, 0x0000000086280000, 0x00000000d5580000)
  object space 100864K, 99% used [0x0000000080000000,0x000000008627b7d8,0x0000000086280000)
 Metaspace       used 70607K, committed 72128K, reserved 1114112K
  class space    used 7268K, committed 7936K, reserved 1048576K
}
Event: 14.434 GC heap before
{Heap before GC invocations=71 (full 3):
 PSYoungGen      total 19456K, used 19448K [0x00000000d5580000, 0x00000000d7380000, 0x0000000100000000)
  eden space 18432K, 100% used [0x00000000d5580000,0x00000000d6780000,0x00000000d6780000)
  from space 1024K, 99% used [0x00000000d6900000,0x00000000d69fe3e0,0x00000000d6a00000)
  to   space 6144K, 0% used [0x00000000d6d80000,0x00000000d6d80000,0x00000000d7380000)
 ParOldGen       total 100864K, used 100845K [0x0000000080000000, 0x0000000086280000, 0x00000000d5580000)
  object space 100864K, 99% used [0x0000000080000000,0x000000008627b7d8,0x0000000086280000)
 Metaspace       used 71015K, committed 72512K, reserved 1114112K
  class space    used 7305K, committed 8000K, reserved 1048576K
}
Event: 14.437 GC heap after
{Heap after GC invocations=71 (full 3):
 PSYoungGen      total 20992K, used 2048K [0x00000000d5580000, 0x00000000d7000000, 0x0000000100000000)
  eden space 18432K, 0% used [0x00000000d5580000,0x00000000d5580000,0x00000000d6780000)
  from space 2560K, 80% used [0x00000000d6d80000,0x00000000d6f80020,0x00000000d7000000)
  to   space 3584K, 0% used [0x00000000d6900000,0x00000000d6900000,0x00000000d6c80000)
 ParOldGen       total 101888K, used 101875K [0x0000000080000000, 0x0000000086380000, 0x00000000d5580000)
  object space 101888K, 99% used [0x0000000080000000,0x000000008637cf60,0x0000000086380000)
 Metaspace       used 71015K, committed 72512K, reserved 1114112K
  class space    used 7305K, committed 8000K, reserved 1048576K
}
Event: 14.832 GC heap before
{Heap before GC invocations=72 (full 3):
 PSYoungGen      total 20992K, used 19826K [0x00000000d5580000, 0x00000000d7000000, 0x0000000100000000)
  eden space 18432K, 96% used [0x00000000d5580000,0x00000000d66dcad0,0x00000000d6780000)
  from space 2560K, 80% used [0x00000000d6d80000,0x00000000d6f80020,0x00000000d7000000)
  to   space 3584K, 0% used [0x00000000d6900000,0x00000000d6900000,0x00000000d6c80000)
 ParOldGen       total 101888K, used 101875K [0x0000000080000000, 0x0000000086380000, 0x00000000d5580000)
  object space 101888K, 99% used [0x0000000080000000,0x000000008637cf60,0x0000000086380000)
 Metaspace       used 71764K, committed 73280K, reserved 1179648K
  class space    used 7327K, committed 8000K, reserved 1048576K
}
Event: 14.836 GC heap after
{Heap after GC invocations=72 (full 3):
 PSYoungGen      total 21504K, used 2661K [0x00000000d5580000, 0x00000000d6e00000, 0x0000000100000000)
  eden space 18432K, 0% used [0x00000000d5580000,0x00000000d5580000,0x00000000d6780000)
  from space 3072K, 86% used [0x00000000d6900000,0x00000000d6b99538,0x00000000d6c00000)
  to   space 2048K, 0% used [0x00000000d6c00000,0x00000000d6c00000,0x00000000d6e00000)
 ParOldGen       total 103936K, used 103627K [0x0000000080000000, 0x0000000086580000, 0x00000000d5580000)
  object space 103936K, 99% used [0x0000000080000000,0x0000000086532d48,0x0000000086580000)
 Metaspace       used 71764K, committed 73280K, reserved 1179648K
  class space    used 7327K, committed 8000K, reserved 1048576K
}

