# JRE version: OpenJDK Runtime Environment Temurin-21.0.10+7 (21.0.10+7) (build 21.0.10+7-LTS)
# Java VM: OpenJDK 64-Bit Server VM Temurin-21.0.10+7 (21.0.10+7-LTS, mixed mode, sharing, tiered, compressed oops, compressed class ptrs, parallel gc, windows-amd64)
GC Precious Log:
 CardTable entry size: 512
 CPUs: 16 total, 16 available
 Memory: 7579M
 Large Page Support: Disabled
 NUMA Support: Disabled
 Compressed Oops: Enabled (32-bit)
 Alignments: Space 512K, Generation 512K, Heap 2M
 Heap Min Capacity: 100M
 Heap Initial Capacity: 100M
 Heap Max Capacity: 2G
 Pre-touch: Disabled
 Parallel Workers: 13
Heap:
 PSYoungGen      total 4096K, used 1356K [0x00000000d5580000, 0x00000000d5c80000, 0x0000000100000000)
  eden space 3072K, 22% used [0x00000000d5580000,0x00000000d562b128,0x00000000d5880000)
  from space 1024K, 65% used [0x00000000d5b80000,0x00000000d5c28000,0x00000000d5c80000)
  to   space 1024K, 0% used [0x00000000d5a80000,0x00000000d5a80000,0x00000000d5b80000)
 ParOldGen       total 397312K, used 397224K [0x0000000080000000, 0x0000000098400000, 0x00000000d5580000)
  object space 397312K, 99% used [0x0000000080000000,0x00000000983ea100,0x0000000098400000)
 Metaspace       used 90460K, committed 92224K, reserved 1179648K
  class space    used 9488K, committed 10240K, reserved 1048576K
GC Heap History (20 events):
Event: 5399.531 GC heap before
{Heap before GC invocations=743 (full 4):
 PSYoungGen      total 4096K, used 3648K [0x00000000d5580000, 0x00000000d5e00000, 0x0000000100000000)
  eden space 3072K, 100% used [0x00000000d5580000,0x00000000d5880000,0x00000000d5880000)
  from space 1024K, 56% used [0x00000000d5d00000,0x00000000d5d90000,0x00000000d5e00000)
  to   space 2048K, 0% used [0x00000000d5a00000,0x00000000d5a00000,0x00000000d5c00000)
 ParOldGen       total 392704K, used 392609K [0x0000000080000000, 0x0000000097f80000, 0x00000000d5580000)
  object space 392704K, 99% used [0x0000000080000000,0x0000000097f68790,0x0000000097f80000)
 Metaspace       used 90387K, committed 92160K, reserved 1179648K
  class space    used 9488K, committed 10240K, reserved 1048576K
}
Event: 5399.533 GC heap after
{Heap after GC invocations=743 (full 4):
 PSYoungGen      total 5120K, used 650K [0x00000000d5580000, 0x00000000d5d80000, 0x0000000100000000)
  eden space 3072K, 0% used [0x00000000d5580000,0x00000000d5580000,0x00000000d5880000)
  from space 2048K, 31% used [0x00000000d5a00000,0x00000000d5aa2930,0x00000000d5c00000)
  to   space 1024K, 0% used [0x00000000d5c80000,0x00000000d5c80000,0x00000000d5d80000)
 ParOldGen       total 393216K, used 392977K [0x0000000080000000, 0x0000000098000000, 0x00000000d5580000)
  object space 393216K, 99% used [0x0000000080000000,0x0000000097fc47b0,0x0000000098000000)
 Metaspace       used 90387K, committed 92160K, reserved 1179648K
  class space    used 9488K, committed 10240K, reserved 1048576K
}
Event: 5399.542 GC heap before
{Heap before GC invocations=744 (full 4):
 PSYoungGen      total 5120K, used 3722K [0x00000000d5580000, 0x00000000d5d80000, 0x0000000100000000)
  eden space 3072K, 99% used [0x00000000d5580000,0x00000000d587ffd0,0x00000000d5880000)
  from space 2048K, 31% used [0x00000000d5a00000,0x00000000d5aa2930,0x00000000d5c00000)
  to   space 1024K, 0% used [0x00000000d5c80000,0x00000000d5c80000,0x00000000d5d80000)
 ParOldGen       total 393216K, used 392977K [0x0000000080000000, 0x0000000098000000, 0x00000000d5580000)
  object space 393216K, 99% used [0x0000000080000000,0x0000000097fc47b0,0x0000000098000000)
 Metaspace       used 90388K, committed 92160K, reserved 1179648K
  class space    used 9488K, committed 10240K, reserved 1048576K
}
Event: 5399.543 GC heap after
{Heap after GC invocations=744 (full 4):
 PSYoungGen      total 4096K, used 576K [0x00000000d5580000, 0x00000000d5d80000, 0x0000000100000000)
  eden space 3072K, 0% used [0x00000000d5580000,0x00000000d5580000,0x00000000d5880000)
  from space 1024K, 56% used [0x00000000d5c80000,0x00000000d5d10000,0x00000000d5d80000)
  to   space 1024K, 0% used [0x00000000d5b80000,0x00000000d5b80000,0x00000000d5c80000)
 ParOldGen       total 393728K, used 393435K [0x0000000080000000, 0x0000000098080000, 0x00000000d5580000)
  object space 393728K, 99% used [0x0000000080000000,0x0000000098036c70,0x0000000098080000)
 Metaspace       used 90388K, committed 92160K, reserved 1179648K
  class space    used 9488K, committed 10240K, reserved 1048576K
}
Event: 5399.636 GC heap before
{Heap before GC invocations=745 (full 4):
 PSYoungGen      total 4096K, used 3648K [0x00000000d5580000, 0x00000000d5d80000, 0x0000000100000000)
  eden space 3072K, 100% used [0x00000000d5580000,0x00000000d5880000,0x00000000d5880000)
  from space 1024K, 56% used [0x00000000d5c80000,0x00000000d5d10000,0x00000000d5d80000)
  to   space 1024K, 0% used [0x00000000d5b80000,0x00000000d5b80000,0x00000000d5c80000)
 ParOldGen       total 393728K, used 393435K [0x0000000080000000, 0x0000000098080000, 0x00000000d5580000)
  object space 393728K, 99% used [0x0000000080000000,0x0000000098036c70,0x0000000098080000)
 Metaspace       used 90417K, committed 92224K, reserved 1179648K
  class space    used 9488K, committed 10240K, reserved 1048576K
}
Event: 5399.639 GC heap after
{Heap after GC invocations=745 (full 4):
 PSYoungGen      total 4096K, used 672K [0x00000000d5580000, 0x00000000d5d00000, 0x0000000100000000)
  eden space 3072K, 0% used [0x00000000d5580000,0x00000000d5580000,0x00000000d5880000)
  from space 1024K, 65% used [0x00000000d5b80000,0x00000000d5c28000,0x00000000d5c80000)
  to   space 512K, 0% used [0x00000000d5c80000,0x00000000d5c80000,0x00000000d5d00000)
 ParOldGen       total 394240K, used 393803K [0x0000000080000000, 0x0000000098100000, 0x00000000d5580000)
  object space 394240K, 99% used [0x0000000080000000,0x0000000098092c90,0x0000000098100000)
 Metaspace       used 90417K, committed 92224K, reserved 1179648K
  class space    used 9488K, committed 10240K, reserved 1048576K
}
Event: 5399.672 GC heap before
{Heap before GC invocations=746 (full 4):
 PSYoungGen      total 4096K, used 3744K [0x00000000d5580000, 0x00000000d5d00000, 0x0000000100000000)
  eden space 3072K, 100% used [0x00000000d5580000,0x00000000d5880000,0x00000000d5880000)
  from space 1024K, 65% used [0x00000000d5b80000,0x00000000d5c28000,0x00000000d5c80000)
  to   space 512K, 0% used [0x00000000d5c80000,0x00000000d5c80000,0x00000000d5d00000)
 ParOldGen       total 394240K, used 393803K [0x0000000080000000, 0x0000000098100000, 0x00000000d5580000)
  object space 394240K, 99% used [0x0000000080000000,0x0000000098092c90,0x0000000098100000)
 Metaspace       used 90419K, committed 92224K, reserved 1179648K
  class space    used 9488K, committed 10240K, reserved 1048576K
}
Event: 5399.674 GC heap after
{Heap after GC invocations=746 (full 4):
 PSYoungGen      total 3584K, used 506K [0x00000000d5580000, 0x00000000d5d00000, 0x0000000100000000)
  eden space 3072K, 0% used [0x00000000d5580000,0x00000000d5580000,0x00000000d5880000)
  from space 512K, 98% used [0x00000000d5c80000,0x00000000d5cfe900,0x00000000d5d00000)
  to   space 1024K, 0% used [0x00000000d5b00000,0x00000000d5b00000,0x00000000d5c00000)
 ParOldGen       total 394240K, used 394195K [0x0000000080000000, 0x0000000098100000, 0x00000000d5580000)
  object space 394240K, 99% used [0x0000000080000000,0x00000000980f4c90,0x0000000098100000)
 Metaspace       used 90419K, committed 92224K, reserved 1179648K
  class space    used 9488K, committed 10240K, reserved 1048576K
}
Event: 5399.706 GC heap before
{Heap before GC invocations=747 (full 4):
 PSYoungGen      total 3584K, used 3578K [0x00000000d5580000, 0x00000000d5d00000, 0x0000000100000000)
  eden space 3072K, 100% used [0x00000000d5580000,0x00000000d5880000,0x00000000d5880000)
  from space 512K, 98% used [0x00000000d5c80000,0x00000000d5cfe900,0x00000000d5d00000)
  to   space 1024K, 0% used [0x00000000d5b00000,0x00000000d5b00000,0x00000000d5c00000)
 ParOldGen       total 394240K, used 394195K [0x0000000080000000, 0x0000000098100000, 0x00000000d5580000)
  object space 394240K, 99% used [0x0000000080000000,0x00000000980f4c90,0x0000000098100000)
 Metaspace       used 90420K, committed 92224K, reserved 1179648K
  class space    used 9488K, committed 10240K, reserved 1048576K
}
Event: 5399.708 GC heap after
{Heap after GC invocations=747 (full 4):
 PSYoungGen      total 4096K, used 640K [0x00000000d5580000, 0x00000000d5d00000, 0x0000000100000000)
  eden space 3072K, 0% used [0x00000000d5580000,0x00000000d5580000,0x00000000d5880000)
  from space 1024K, 62% used [0x00000000d5b00000,0x00000000d5ba0000,0x00000000d5c00000)
  to   space 1024K, 0% used [0x00000000d5c00000,0x00000000d5c00000,0x00000000d5d00000)
 ParOldGen       total 394752K, used 394654K [0x0000000080000000, 0x0000000098180000, 0x00000000d5580000)
  object space 394752K, 99% used [0x0000000080000000,0x0000000098167970,0x0000000098180000)
 Metaspace       used 90420K, committed 92224K, reserved 1179648K
  class space    used 9488K, committed 10240K, reserved 1048576K
}
Event: 5399.859 GC heap before
{Heap before GC invocations=748 (full 4):
 PSYoungGen      total 4096K, used 3712K [0x00000000d5580000, 0x00000000d5d00000, 0x0000000100000000)
  eden space 3072K, 100% used [0x00000000d5580000,0x00000000d5880000,0x00000000d5880000)
  from space 1024K, 62% used [0x00000000d5b00000,0x00000000d5ba0000,0x00000000d5c00000)
  to   space 1024K, 0% used [0x00000000d5c00000,0x00000000d5c00000,0x00000000d5d00000)
 ParOldGen       total 394752K, used 394654K [0x0000000080000000, 0x0000000098180000, 0x00000000d5580000)
  object space 394752K, 99% used [0x0000000080000000,0x0000000098167970,0x0000000098180000)
 Metaspace       used 90424K, committed 92224K, reserved 1179648K
  class space    used 9488K, committed 10240K, reserved 1048576K
}
Event: 5399.861 GC heap after
{Heap after GC invocations=748 (full 4):
 PSYoungGen      total 4096K, used 628K [0x00000000d5580000, 0x00000000d5d00000, 0x0000000100000000)
  eden space 3072K, 0% used [0x00000000d5580000,0x00000000d5580000,0x00000000d5880000)
  from space 1024K, 61% used [0x00000000d5c00000,0x00000000d5c9d220,0x00000000d5d00000)
  to   space 1024K, 0% used [0x00000000d5b00000,0x00000000d5b00000,0x00000000d5c00000)
 ParOldGen       total 395264K, used 395166K [0x0000000080000000, 0x0000000098200000, 0x00000000d5580000)
  object space 395264K, 99% used [0x0000000080000000,0x00000000981e7990,0x0000000098200000)
 Metaspace       used 90424K, committed 92224K, reserved 1179648K
  class space    used 9488K, committed 10240K, reserved 1048576K
}
Event: 5399.871 GC heap before
{Heap before GC invocations=749 (full 4):
 PSYoungGen      total 4096K, used 3700K [0x00000000d5580000, 0x00000000d5d00000, 0x0000000100000000)
  eden space 3072K, 100% used [0x00000000d5580000,0x00000000d5880000,0x00000000d5880000)
  from space 1024K, 61% used [0x00000000d5c00000,0x00000000d5c9d220,0x00000000d5d00000)
  to   space 1024K, 0% used [0x00000000d5b00000,0x00000000d5b00000,0x00000000d5c00000)
 ParOldGen       total 395264K, used 395166K [0x0000000080000000, 0x0000000098200000, 0x00000000d5580000)
  object space 395264K, 99% used [0x0000000080000000,0x00000000981e7990,0x0000000098200000)
 Metaspace       used 90424K, committed 92224K, reserved 1179648K
  class space    used 9488K, committed 10240K, reserved 1048576K
}
Event: 5399.872 GC heap after
{Heap after GC invocations=749 (full 4):
 PSYoungGen      total 4096K, used 672K [0x00000000d5580000, 0x00000000d5c80000, 0x0000000100000000)
  eden space 3072K, 0% used [0x00000000d5580000,0x00000000d5580000,0x00000000d5880000)
  from space 1024K, 65% used [0x00000000d5b00000,0x00000000d5ba8000,0x00000000d5c00000)
  to   space 512K, 0% used [0x00000000d5c00000,0x00000000d5c00000,0x00000000d5c80000)
 ParOldGen       total 395776K, used 395606K [0x0000000080000000, 0x0000000098280000, 0x00000000d5580000)
  object space 395776K, 99% used [0x0000000080000000,0x0000000098255bc0,0x0000000098280000)
 Metaspace       used 90424K, committed 92224K, reserved 1179648K
  class space    used 9488K, committed 10240K, reserved 1048576K
}
Event: 5400.010 GC heap before
{Heap before GC invocations=750 (full 4):
 PSYoungGen      total 4096K, used 3744K [0x00000000d5580000, 0x00000000d5c80000, 0x0000000100000000)
  eden space 3072K, 100% used [0x00000000d5580000,0x00000000d5880000,0x00000000d5880000)
  from space 1024K, 65% used [0x00000000d5b00000,0x00000000d5ba8000,0x00000000d5c00000)
  to   space 512K, 0% used [0x00000000d5c00000,0x00000000d5c00000,0x00000000d5c80000)
 ParOldGen       total 395776K, used 395606K [0x0000000080000000, 0x0000000098280000, 0x00000000d5580000)
  object space 395776K, 99% used [0x0000000080000000,0x0000000098255bc0,0x0000000098280000)
 Metaspace       used 90454K, committed 92224K, reserved 1179648K
  class space    used 9488K, committed 10240K, reserved 1048576K
}
Event: 5400.012 GC heap after
{Heap after GC invocations=750 (full 4):
 PSYoungGen      total 3584K, used 496K [0x00000000d5580000, 0x00000000d5c80000, 0x0000000100000000)
  eden space 3072K, 0% used [0x00000000d5580000,0x00000000d5580000,0x00000000d5880000)
  from space 512K, 96% used [0x00000000d5c00000,0x00000000d5c7c010,0x00000000d5c80000)
  to   space 1536K, 0% used [0x00000000d5980000,0x00000000d5980000,0x00000000d5b00000)
 ParOldGen       total 396288K, used 396254K [0x0000000080000000, 0x0000000098300000, 0x00000000d5580000)
  object space 396288K, 99% used [0x0000000080000000,0x00000000982f7be0,0x0000000098300000)
 Metaspace       used 90454K, committed 92224K, reserved 1179648K
  class space    used 9488K, committed 10240K, reserved 1048576K
}
Event: 5400.024 GC heap before
{Heap before GC invocations=751 (full 4):
 PSYoungGen      total 3584K, used 3568K [0x00000000d5580000, 0x00000000d5c80000, 0x0000000100000000)
  eden space 3072K, 100% used [0x00000000d5580000,0x00000000d5880000,0x00000000d5880000)
  from space 512K, 96% used [0x00000000d5c00000,0x00000000d5c7c010,0x00000000d5c80000)
  to   space 1536K, 0% used [0x00000000d5980000,0x00000000d5980000,0x00000000d5b00000)
 ParOldGen       total 396288K, used 396254K [0x0000000080000000, 0x0000000098300000, 0x00000000d5580000)
  object space 396288K, 99% used [0x0000000080000000,0x00000000982f7be0,0x0000000098300000)
 Metaspace       used 90454K, committed 92224K, reserved 1179648K
  class space    used 9488K, committed 10240K, reserved 1048576K
}
Event: 5400.025 GC heap after
{Heap after GC invocations=751 (full 4):
 PSYoungGen      total 4608K, used 666K [0x00000000d5580000, 0x00000000d5c80000, 0x0000000100000000)
  eden space 3072K, 0% used [0x00000000d5580000,0x00000000d5580000,0x00000000d5880000)
  from space 1536K, 43% used [0x00000000d5980000,0x00000000d5a26900,0x00000000d5b00000)
  to   space 1024K, 0% used [0x00000000d5b80000,0x00000000d5b80000,0x00000000d5c80000)
 ParOldGen       total 396800K, used 396679K [0x0000000080000000, 0x0000000098380000, 0x00000000d5580000)
  object space 396800K, 99% used [0x0000000080000000,0x0000000098361ee0,0x0000000098380000)
 Metaspace       used 90454K, committed 92224K, reserved 1179648K
  class space    used 9488K, committed 10240K, reserved 1048576K
}
Event: 5400.043 GC heap before
{Heap before GC invocations=752 (full 4):
 PSYoungGen      total 4608K, used 3738K [0x00000000d5580000, 0x00000000d5c80000, 0x0000000100000000)
  eden space 3072K, 100% used [0x00000000d5580000,0x00000000d5880000,0x00000000d5880000)
  from space 1536K, 43% used [0x00000000d5980000,0x00000000d5a26900,0x00000000d5b00000)
  to   space 1024K, 0% used [0x00000000d5b80000,0x00000000d5b80000,0x00000000d5c80000)
 ParOldGen       total 396800K, used 396679K [0x0000000080000000, 0x0000000098380000, 0x00000000d5580000)
  object space 396800K, 99% used [0x0000000080000000,0x0000000098361ee0,0x0000000098380000)
 Metaspace       used 90458K, committed 92224K, reserved 1179648K
  class space    used 9488K, committed 10240K, reserved 1048576K
}
Event: 5400.044 GC heap after
{Heap after GC invocations=752 (full 4):
 PSYoungGen      total 4096K, used 672K [0x00000000d5580000, 0x00000000d5c80000, 0x0000000100000000)
  eden space 3072K, 0% used [0x00000000d5580000,0x00000000d5580000,0x00000000d5880000)
  from space 1024K, 65% used [0x00000000d5b80000,0x00000000d5c28000,0x00000000d5c80000)
  to   space 1024K, 0% used [0x00000000d5a80000,0x00000000d5a80000,0x00000000d5b80000)
 ParOldGen       total 397312K, used 397224K [0x0000000080000000, 0x0000000098400000, 0x00000000d5580000)
  object space 397312K, 99% used [0x0000000080000000,0x00000000983ea100,0x0000000098400000)
 Metaspace       used 90458K, committed 92224K, reserved 1179648K
  class space    used 9488K, committed 10240K, reserved 1048576K
}

