# JRE version: OpenJDK Runtime Environment Temurin-21.0.10+7 (21.0.10+7) (build 21.0.10+7-LTS)
# Java VM: OpenJDK 64-Bit Server VM Temurin-21.0.10+7 (21.0.10+7-LTS, mixed mode, sharing, tiered, compressed oops, compressed class ptrs, parallel gc, windows-amd64)
GC Precious Log:
 CardTable entry size: 512
 CPUs: 16 total, 16 available
 Memory: 7579M
 Large Page Support: Disabled
 NUMA Support: Disabled
 Compressed Oops: Enabled (32-bit)
 Alignments: Space 512K, Generation 512K, Heap 2M
 Heap Min Capacity: 100M
 Heap Initial Capacity: 100M
 Heap Max Capacity: 2G
 Pre-touch: Disabled
 Parallel Workers: 13
Heap:
 PSYoungGen      total 20480K, used 20448K [0x00000000d5580000, 0x00000000d6b00000, 0x0000000100000000)
  eden space 18944K, 100% used [0x00000000d5580000,0x00000000d6800000,0x00000000d6800000)
  from space 1536K, 97% used [0x00000000d6800000,0x00000000d6978010,0x00000000d6980000)
  to   space 512K, 96% used [0x00000000d6a00000,0x00000000d6a7b418,0x00000000d6a80000)
 ParOldGen       total 87552K, used 87124K [0x0000000080000000, 0x0000000085580000, 0x00000000d5580000)
  object space 87552K, 99% used [0x0000000080000000,0x0000000085515330,0x0000000085580000)
 Metaspace       used 61519K, committed 62912K, reserved 1114112K
  class space    used 6623K, committed 7232K, reserved 1048576K
GC Heap History (20 events):
Event: 14.316 GC heap after
{Heap after GC invocations=80 (full 3):
 PSYoungGen      total 19968K, used 772K [0x00000000d5580000, 0x00000000d6a00000, 0x0000000100000000)
  eden space 18944K, 0% used [0x00000000d5580000,0x00000000d5580000,0x00000000d6800000)
  from space 1024K, 75% used [0x00000000d6800000,0x00000000d68c10b8,0x00000000d6900000)
  to   space 1024K, 0% used [0x00000000d6900000,0x00000000d6900000,0x00000000d6a00000)
 ParOldGen       total 81408K, used 81220K [0x0000000080000000, 0x0000000084f80000, 0x00000000d5580000)
  object space 81408K, 99% used [0x0000000080000000,0x0000000084f510f0,0x0000000084f80000)
 Metaspace       used 61486K, committed 62848K, reserved 1114112K
  class space    used 6623K, committed 7232K, reserved 1048576K
}
Event: 14.326 GC heap before
{Heap before GC invocations=81 (full 3):
 PSYoungGen      total 19968K, used 19716K [0x00000000d5580000, 0x00000000d6a00000, 0x0000000100000000)
  eden space 18944K, 100% used [0x00000000d5580000,0x00000000d6800000,0x00000000d6800000)
  from space 1024K, 75% used [0x00000000d6800000,0x00000000d68c10b8,0x00000000d6900000)
  to   space 1024K, 0% used [0x00000000d6900000,0x00000000d6900000,0x00000000d6a00000)
 ParOldGen       total 81408K, used 81220K [0x0000000080000000, 0x0000000084f80000, 0x00000000d5580000)
  object space 81408K, 99% used [0x0000000080000000,0x0000000084f510f0,0x0000000084f80000)
 Metaspace       used 61488K, committed 62848K, reserved 1114112K
  class space    used 6623K, committed 7232K, reserved 1048576K
}
Event: 14.327 GC heap after
{Heap after GC invocations=81 (full 3):
 PSYoungGen      total 19968K, used 645K [0x00000000d5580000, 0x00000000d6a00000, 0x0000000100000000)
  eden space 18944K, 0% used [0x00000000d5580000,0x00000000d5580000,0x00000000d6800000)
  from space 1024K, 63% used [0x00000000d6900000,0x00000000d69a16b0,0x00000000d6a00000)
  to   space 1024K, 0% used [0x00000000d6800000,0x00000000d6800000,0x00000000d6900000)
 ParOldGen       total 81920K, used 81683K [0x0000000080000000, 0x0000000085000000, 0x00000000d5580000)
  object space 81920K, 99% used [0x0000000080000000,0x0000000084fc4c58,0x0000000085000000)
 Metaspace       used 61488K, committed 62848K, reserved 1114112K
  class space    used 6623K, committed 7232K, reserved 1048576K
}
Event: 14.341 GC heap before
{Heap before GC invocations=82 (full 3):
 PSYoungGen      total 19968K, used 19589K [0x00000000d5580000, 0x00000000d6a00000, 0x0000000100000000)
  eden space 18944K, 100% used [0x00000000d5580000,0x00000000d6800000,0x00000000d6800000)
  from space 1024K, 63% used [0x00000000d6900000,0x00000000d69a16b0,0x00000000d6a00000)
  to   space 1024K, 0% used [0x00000000d6800000,0x00000000d6800000,0x00000000d6900000)
 ParOldGen       total 81920K, used 81683K [0x0000000080000000, 0x0000000085000000, 0x00000000d5580000)
  object space 81920K, 99% used [0x0000000080000000,0x0000000084fc4c58,0x0000000085000000)
 Metaspace       used 61489K, committed 62848K, reserved 1114112K
  class space    used 6623K, committed 7232K, reserved 1048576K
}
Event: 14.344 GC heap after
{Heap after GC invocations=82 (full 3):
 PSYoungGen      total 19968K, used 1016K [0x00000000d5580000, 0x00000000d6d00000, 0x0000000100000000)
  eden space 18944K, 0% used [0x00000000d5580000,0x00000000d5580000,0x00000000d6800000)
  from space 1024K, 99% used [0x00000000d6800000,0x00000000d68fe118,0x00000000d6900000)
  to   space 2560K, 0% used [0x00000000d6a80000,0x00000000d6a80000,0x00000000d6d00000)
 ParOldGen       total 82944K, used 82586K [0x0000000080000000, 0x0000000085100000, 0x00000000d5580000)
  object space 82944K, 99% used [0x0000000080000000,0x00000000850a6960,0x0000000085100000)
 Metaspace       used 61489K, committed 62848K, reserved 1114112K
  class space    used 6623K, committed 7232K, reserved 1048576K
}
Event: 14.355 GC heap before
{Heap before GC invocations=83 (full 3):
 PSYoungGen      total 19968K, used 19960K [0x00000000d5580000, 0x00000000d6d00000, 0x0000000100000000)
  eden space 18944K, 100% used [0x00000000d5580000,0x00000000d6800000,0x00000000d6800000)
  from space 1024K, 99% used [0x00000000d6800000,0x00000000d68fe118,0x00000000d6900000)
  to   space 2560K, 0% used [0x00000000d6a80000,0x00000000d6a80000,0x00000000d6d00000)
 ParOldGen       total 82944K, used 82586K [0x0000000080000000, 0x0000000085100000, 0x00000000d5580000)
  object space 82944K, 99% used [0x0000000080000000,0x00000000850a6960,0x0000000085100000)
 Metaspace       used 61489K, committed 62848K, reserved 1114112K
  class space    used 6623K, committed 7232K, reserved 1048576K
}
Event: 14.357 GC heap after
{Heap after GC invocations=83 (full 3):
 PSYoungGen      total 19968K, used 715K [0x00000000d5580000, 0x00000000d6b80000, 0x0000000100000000)
  eden space 18944K, 0% used [0x00000000d5580000,0x00000000d5580000,0x00000000d6800000)
  from space 1024K, 69% used [0x00000000d6a80000,0x00000000d6b32d50,0x00000000d6b80000)
  to   space 1536K, 0% used [0x00000000d6880000,0x00000000d6880000,0x00000000d6a00000)
 ParOldGen       total 83968K, used 83546K [0x0000000080000000, 0x0000000085200000, 0x00000000d5580000)
  object space 83968K, 99% used [0x0000000080000000,0x0000000085196a68,0x0000000085200000)
 Metaspace       used 61489K, committed 62848K, reserved 1114112K
  class space    used 6623K, committed 7232K, reserved 1048576K
}
Event: 14.365 GC heap before
{Heap before GC invocations=84 (full 3):
 PSYoungGen      total 19968K, used 19659K [0x00000000d5580000, 0x00000000d6b80000, 0x0000000100000000)
  eden space 18944K, 100% used [0x00000000d5580000,0x00000000d6800000,0x00000000d6800000)
  from space 1024K, 69% used [0x00000000d6a80000,0x00000000d6b32d50,0x00000000d6b80000)
  to   space 1536K, 0% used [0x00000000d6880000,0x00000000d6880000,0x00000000d6a00000)
 ParOldGen       total 83968K, used 83546K [0x0000000080000000, 0x0000000085200000, 0x00000000d5580000)
  object space 83968K, 99% used [0x0000000080000000,0x0000000085196a68,0x0000000085200000)
 Metaspace       used 61490K, committed 62848K, reserved 1114112K
  class space    used 6623K, committed 7232K, reserved 1048576K
}
Event: 14.367 GC heap after
{Heap after GC invocations=84 (full 3):
 PSYoungGen      total 20480K, used 736K [0x00000000d5580000, 0x00000000d6b00000, 0x0000000100000000)
  eden space 18944K, 0% used [0x00000000d5580000,0x00000000d5580000,0x00000000d6800000)
  from space 1536K, 47% used [0x00000000d6880000,0x00000000d6938000,0x00000000d6a00000)
  to   space 1024K, 0% used [0x00000000d6a00000,0x00000000d6a00000,0x00000000d6b00000)
 ParOldGen       total 84480K, used 83978K [0x0000000080000000, 0x0000000085280000, 0x00000000d5580000)
  object space 84480K, 99% used [0x0000000080000000,0x0000000085202a60,0x0000000085280000)
 Metaspace       used 61490K, committed 62848K, reserved 1114112K
  class space    used 6623K, committed 7232K, reserved 1048576K
}
Event: 14.381 GC heap before
{Heap before GC invocations=85 (full 3):
 PSYoungGen      total 20480K, used 19680K [0x00000000d5580000, 0x00000000d6b00000, 0x0000000100000000)
  eden space 18944K, 100% used [0x00000000d5580000,0x00000000d6800000,0x00000000d6800000)
  from space 1536K, 47% used [0x00000000d6880000,0x00000000d6938000,0x00000000d6a00000)
  to   space 1024K, 0% used [0x00000000d6a00000,0x00000000d6a00000,0x00000000d6b00000)
 ParOldGen       total 84480K, used 83978K [0x0000000080000000, 0x0000000085280000, 0x00000000d5580000)
  object space 84480K, 99% used [0x0000000080000000,0x0000000085202a60,0x0000000085280000)
 Metaspace       used 61494K, committed 62848K, reserved 1114112K
  class space    used 6623K, committed 7232K, reserved 1048576K
}
Event: 14.383 GC heap after
{Heap after GC invocations=85 (full 3):
 PSYoungGen      total 19968K, used 840K [0x00000000d5580000, 0x00000000d6b00000, 0x0000000100000000)
  eden space 18944K, 0% used [0x00000000d5580000,0x00000000d5580000,0x00000000d6800000)
  from space 1024K, 82% used [0x00000000d6a00000,0x00000000d6ad21c8,0x00000000d6b00000)
  to   space 1024K, 0% used [0x00000000d6900000,0x00000000d6900000,0x00000000d6a00000)
 ParOldGen       total 84480K, used 84466K [0x0000000080000000, 0x0000000085280000, 0x00000000d5580000)
  object space 84480K, 99% used [0x0000000080000000,0x000000008527ca60,0x0000000085280000)
 Metaspace       used 61494K, committed 62848K, reserved 1114112K
  class space    used 6623K, committed 7232K, reserved 1048576K
}
Event: 14.398 GC heap before
{Heap before GC invocations=86 (full 3):
 PSYoungGen      total 19968K, used 19784K [0x00000000d5580000, 0x00000000d6b00000, 0x0000000100000000)
  eden space 18944K, 100% used [0x00000000d5580000,0x00000000d6800000,0x00000000d6800000)
  from space 1024K, 82% used [0x00000000d6a00000,0x00000000d6ad21c8,0x00000000d6b00000)
  to   space 1024K, 0% used [0x00000000d6900000,0x00000000d6900000,0x00000000d6a00000)
 ParOldGen       total 84480K, used 84466K [0x0000000080000000, 0x0000000085280000, 0x00000000d5580000)
  object space 84480K, 99% used [0x0000000080000000,0x000000008527ca60,0x0000000085280000)
 Metaspace       used 61499K, committed 62848K, reserved 1114112K
  class space    used 6623K, committed 7232K, reserved 1048576K
}
Event: 14.400 GC heap after
{Heap after GC invocations=86 (full 3):
 PSYoungGen      total 19968K, used 896K [0x00000000d5580000, 0x00000000d6a80000, 0x0000000100000000)
  eden space 18944K, 0% used [0x00000000d5580000,0x00000000d5580000,0x00000000d6800000)
  from space 1024K, 87% used [0x00000000d6900000,0x00000000d69e0000,0x00000000d6a00000)
  to   space 512K, 0% used [0x00000000d6a00000,0x00000000d6a00000,0x00000000d6a80000)
 ParOldGen       total 84992K, used 84948K [0x0000000080000000, 0x0000000085300000, 0x00000000d5580000)
  object space 84992K, 99% used [0x0000000080000000,0x00000000852f5340,0x0000000085300000)
 Metaspace       used 61499K, committed 62848K, reserved 1114112K
  class space    used 6623K, committed 7232K, reserved 1048576K
}
Event: 14.410 GC heap before
{Heap before GC invocations=87 (full 3):
 PSYoungGen      total 19968K, used 19840K [0x00000000d5580000, 0x00000000d6a80000, 0x0000000100000000)
  eden space 18944K, 100% used [0x00000000d5580000,0x00000000d6800000,0x00000000d6800000)
  from space 1024K, 87% used [0x00000000d6900000,0x00000000d69e0000,0x00000000d6a00000)
  to   space 512K, 0% used [0x00000000d6a00000,0x00000000d6a00000,0x00000000d6a80000)
 ParOldGen       total 84992K, used 84948K [0x0000000080000000, 0x0000000085300000, 0x00000000d5580000)
  object space 84992K, 99% used [0x0000000080000000,0x00000000852f5340,0x0000000085300000)
 Metaspace       used 61502K, committed 62848K, reserved 1114112K
  class space    used 6623K, committed 7232K, reserved 1048576K
}
Event: 14.413 GC heap after
{Heap after GC invocations=87 (full 3):
 PSYoungGen      total 19456K, used 498K [0x00000000d5580000, 0x00000000d6b00000, 0x0000000100000000)
  eden space 18944K, 0% used [0x00000000d5580000,0x00000000d5580000,0x00000000d6800000)
  from space 512K, 97% used [0x00000000d6a00000,0x00000000d6a7cb38,0x00000000d6a80000)
  to   space 1536K, 0% used [0x00000000d6800000,0x00000000d6800000,0x00000000d6980000)
 ParOldGen       total 86016K, used 85823K [0x0000000080000000, 0x0000000085400000, 0x00000000d5580000)
  object space 86016K, 99% used [0x0000000080000000,0x00000000853cfce8,0x0000000085400000)
 Metaspace       used 61502K, committed 62848K, reserved 1114112K
  class space    used 6623K, committed 7232K, reserved 1048576K
}
Event: 14.432 GC heap before
{Heap before GC invocations=88 (full 3):
 PSYoungGen      total 19456K, used 19442K [0x00000000d5580000, 0x00000000d6b00000, 0x0000000100000000)
  eden space 18944K, 100% used [0x00000000d5580000,0x00000000d6800000,0x00000000d6800000)
  from space 512K, 97% used [0x00000000d6a00000,0x00000000d6a7cb38,0x00000000d6a80000)
  to   space 1536K, 0% used [0x00000000d6800000,0x00000000d6800000,0x00000000d6980000)
 ParOldGen       total 86016K, used 85823K [0x0000000080000000, 0x0000000085400000, 0x00000000d5580000)
  object space 86016K, 99% used [0x0000000080000000,0x00000000853cfce8,0x0000000085400000)
 Metaspace       used 61511K, committed 62848K, reserved 1114112K
  class space    used 6623K, committed 7232K, reserved 1048576K
}
Event: 14.434 GC heap after
{Heap after GC invocations=88 (full 3):
 PSYoungGen      total 20480K, used 1504K [0x00000000d5580000, 0x00000000d6b00000, 0x0000000100000000)
  eden space 18944K, 0% used [0x00000000d5580000,0x00000000d5580000,0x00000000d6800000)
  from space 1536K, 97% used [0x00000000d6800000,0x00000000d6978010,0x00000000d6980000)
  to   space 512K, 0% used [0x00000000d6a00000,0x00000000d6a00000,0x00000000d6a80000)
 ParOldGen       total 86528K, used 86316K [0x0000000080000000, 0x0000000085480000, 0x00000000d5580000)
  object space 86528K, 99% used [0x0000000080000000,0x000000008544b330,0x0000000085480000)
 Metaspace       used 61511K, committed 62848K, reserved 1114112K
  class space    used 6623K, committed 7232K, reserved 1048576K
}
Event: 14.456 GC heap before
{Heap before GC invocations=89 (full 3):
 PSYoungGen      total 20480K, used 20448K [0x00000000d5580000, 0x00000000d6b00000, 0x0000000100000000)
  eden space 18944K, 100% used [0x00000000d5580000,0x00000000d6800000,0x00000000d6800000)
  from space 1536K, 97% used [0x00000000d6800000,0x00000000d6978010,0x00000000d6980000)
  to   space 512K, 0% used [0x00000000d6a00000,0x00000000d6a00000,0x00000000d6a80000)
 ParOldGen       total 86528K, used 86316K [0x0000000080000000, 0x0000000085480000, 0x00000000d5580000)
  object space 86528K, 99% used [0x0000000080000000,0x000000008544b330,0x0000000085480000)
 Metaspace       used 61519K, committed 62912K, reserved 1114112K
  class space    used 6623K, committed 7232K, reserved 1048576K
}
Event: 14.459 GC heap after
{Heap after GC invocations=89 (full 3):
 PSYoungGen      total 20480K, used 20448K [0x00000000d5580000, 0x00000000d6b00000, 0x0000000100000000)
  eden space 18944K, 100% used [0x00000000d5580000,0x00000000d6800000,0x00000000d6800000)
  from space 1536K, 97% used [0x00000000d6800000,0x00000000d6978010,0x00000000d6980000)
  to   space 512K, 96% used [0x00000000d6a00000,0x00000000d6a7b418,0x00000000d6a80000)
 ParOldGen       total 87552K, used 87124K [0x0000000080000000, 0x0000000085580000, 0x00000000d5580000)
  object space 87552K, 99% used [0x0000000080000000,0x0000000085515330,0x0000000085580000)
 Metaspace       used 61519K, committed 62912K, reserved 1114112K
  class space    used 6623K, committed 7232K, reserved 1048576K
}
Event: 14.459 GC heap before
{Heap before GC invocations=90 (full 4):
 PSYoungGen      total 20480K, used 20448K [0x00000000d5580000, 0x00000000d6b00000, 0x0000000100000000)
  eden space 18944K, 100% used [0x00000000d5580000,0x00000000d6800000,0x00000000d6800000)
  from space 1536K, 97% used [0x00000000d6800000,0x00000000d6978010,0x00000000d6980000)
  to   space 512K, 96% used [0x00000000d6a00000,0x00000000d6a7b418,0x00000000d6a80000)
 ParOldGen       total 87552K, used 87124K [0x0000000080000000, 0x0000000085580000, 0x00000000d5580000)
  object space 87552K, 99% used [0x0000000080000000,0x0000000085515330,0x0000000085580000)
 Metaspace       used 61519K, committed 62912K, reserved 1114112K
  class space    used 6623K, committed 7232K, reserved 1048576K
}

